Starting project at /Users/Path/Desktop/w/frontend
Starting Metro Bundler
warning: Bundler cache is empty, rebuilding (this may take a minute)
Waiting on http://localhost:8081
Logs for your project will appear below.
Android ./index.ts ░░░░░░░░░░░░░░░░  0.0% (0/1)
› Detected a change in babel.config.js. Restart the server to see the new results. You may need to clear the bundler cache with the --clear flag for your changes to take effect.
Android ./index.ts ░░░░░░░░░░░░░░░░  0.0% (0/1)
Android ./index.ts ░░░░░░░░░░░░░░░░  1.0% (1/1)
Android ./index.ts ░░░░░░░░░░░░░░░░  1.0% (1/3)
Android ./index.ts ▓▓▓▓▓▓▓▓▓▓▓▓▓▓▓░ 99.0% (606/609)
Android Bundling failed 110021ms index.ts (683 modules)
 ERROR  Error: /Users/Path/Desktop/w/frontend/App.tsx: Use process(css).then(cb) to work with async plugins
    at LazyResult.getAsyncError (/Users/Path/Desktop/w/frontend/node_modules/postcss/lib/lazy-result.js:174:11)
    at LazyResult.sync (/Users/Path/Desktop/w/frontend/node_modules/postcss/lib/lazy-result.js:369:20)
    at LazyResult.stringify (/Users/Path/Desktop/w/frontend/node_modules/postcss/lib/lazy-result.js:341:10)
    at get css (/Users/Path/Desktop/w/frontend/node_modules/postcss/lib/lazy-result.js:514:17)
    at extractStyles (/Users/Path/Desktop/w/frontend/node_modules/nativewind/dist/postcss/extract-styles.js:32:54)
    at PluginPass.enter (/Users/Path/Desktop/w/frontend/node_modules/nativewind/dist/babel/index.js:100:67)
    at newFn (/Users/Path/Desktop/w/frontend/node_modules/@babel/traverse/lib/visitors.js:168:14)
    at NodePath._call (/Users/Path/Desktop/w/frontend/node_modules/@babel/traverse/lib/path/context.js:50:20)
    at NodePath.call (/Users/Path/Desktop/w/frontend/node_modules/@babel/traverse/lib/path/context.js:40:18)
    at NodePath.visit (/Users/Path/Desktop/w/frontend/node_modules/@babel/traverse/lib/path/context.js:87:31)
    at TraversalContext.visitQueue (/Users/Path/Desktop/w/frontend/node_modules/@babel/traverse/lib/context.js:90:16)
    at TraversalContext.visitSingle (/Users/Path/Desktop/w/frontend/node_modules/@babel/traverse/lib/context.js:66:19)
    at TraversalContext.visit (/Users/Path/Desktop/w/frontend/node_modules/@babel/traverse/lib/context.js:113:19)
    at traverseNode (/Users/Path/Desktop/w/frontend/node_modules/@babel/traverse/lib/traverse-node.js:130:17)
    at traverse (/Users/Path/Desktop/w/frontend/node_modules/@babel/traverse/lib/index.js:53:34)
    at transformFile (/Users/Path/Desktop/w/frontend/node_modules/@babel/core/lib/transformation/index.js:79:29)
    at transformFile.next (<anonymous>)
    at run (/Users/Path/Desktop/w/frontend/node_modules/@babel/core/lib/transformation/index.js:25:12)
    at run.next (<anonymous>)
    at transform (/Users/Path/Desktop/w/frontend/node_modules/@babel/core/lib/transform.js:22:33)
    at transform.next (<anonymous>)
    at evaluateSync (/Users/Path/Desktop/w/frontend/node_modules/gensync/index.js:251:28)
    at sync (/Users/Path/Desktop/w/frontend/node_modules/gensync/index.js:89:14)
    at stopHiding - secret - don't use this - v1 (/Users/Path/Desktop/w/frontend/node_modules/@babel/core/lib/errors/rewrite-stack-trace.js:47:12)
    at Object.transformSync (/Users/Path/Desktop/w/frontend/node_modules/@babel/core/lib/transform.js:40:76)
    at parseWithBabel (/Users/Path/Desktop/w/frontend/node_modules/@expo/metro-config/build/transformSync.js:75:18)
    at transformSync (/Users/Path/Desktop/w/frontend/node_modules/@expo/metro-config/build/transformSync.js:54:16)
    at Object.transform (/Users/Path/Desktop/w/frontend/node_modules/@expo/metro-config/build/babel-transformer.js:127:58)
    at transformJSWithBabel (/Users/Path/Desktop/w/frontend/node_modules/@expo/metro-config/build/transform-worker/metro-transform-worker.js:468:47)
    at Object.transform (/Users/Path/Desktop/w/frontend/node_modules/@expo/metro-config/build/transform-worker/metro-transform-worker.js:583:12)
    at Object.transform (/Users/Path/Desktop/w/frontend/node_modules/@expo/metro-config/build/transform-worker/transform-worker.js:178:19)
    at transformFile (/Users/Path/Desktop/w/frontend/node_modules/metro/src/DeltaBundler/Worker.flow.js:67:36)
    at Object.transform (/Users/Path/Desktop/w/frontend/node_modules/metro/src/DeltaBundler/Worker.flow.js:42:10)
    at execFunction (/Users/Path/Desktop/w/frontend/node_modules/jest-worker/build/workers/processChild.js:149:17)
    at execHelper (/Users/Path/Desktop/w/frontend/node_modules/jest-worker/build/workers/processChild.js:137:5)
    at execMethod (/Users/Path/Desktop/w/frontend/node_modules/jest-worker/build/workers/processChild.js:140:5)
    at process.messageListener (/Users/Path/Desktop/w/frontend/node_modules/jest-worker/build/workers/processChild.js:44:7)
    at process.emit (node:events:508:28)
    at emit (node:internal/child_process:949:14)
Android ./index.ts ░░░░░░░░░░░░░░░░  0.0% (0/1)
Android Bundling failed 225ms index.ts (676 modules)
 ERROR  Error: /Users/Path/Desktop/w/frontend/App.tsx: Use process(css).then(cb) to work with async plugins
    at LazyResult.getAsyncError (/Users/Path/Desktop/w/frontend/node_modules/postcss/lib/lazy-result.js:174:11)
    at LazyResult.sync (/Users/Path/Desktop/w/frontend/node_modules/postcss/lib/lazy-result.js:369:20)
    at LazyResult.stringify (/Users/Path/Desktop/w/frontend/node_modules/postcss/lib/lazy-result.js:341:10)
    at get css (/Users/Path/Desktop/w/frontend/node_modules/postcss/lib/lazy-result.js:514:17)
    at extractStyles (/Users/Path/Desktop/w/frontend/node_modules/nativewind/dist/postcss/extract-styles.js:32:54)
    at PluginPass.enter (/Users/Path/Desktop/w/frontend/node_modules/nativewind/dist/babel/index.js:100:67)
    at newFn (/Users/Path/Desktop/w/frontend/node_modules/@babel/traverse/lib/visitors.js:168:14)
    at NodePath._call (/Users/Path/Desktop/w/frontend/node_modules/@babel/traverse/lib/path/context.js:50:20)
    at NodePath.call (/Users/Path/Desktop/w/frontend/node_modules/@babel/traverse/lib/path/context.js:40:18)
    at NodePath.visit (/Users/Path/Desktop/w/frontend/node_modules/@babel/traverse/lib/path/context.js:87:31)
    at TraversalContext.visitQueue (/Users/Path/Desktop/w/frontend/node_modules/@babel/traverse/lib/context.js:90:16)
    at TraversalContext.visitSingle (/Users/Path/Desktop/w/frontend/node_modules/@babel/traverse/lib/context.js:66:19)
    at TraversalContext.visit (/Users/Path/Desktop/w/frontend/node_modules/@babel/traverse/lib/context.js:113:19)
    at traverseNode (/Users/Path/Desktop/w/frontend/node_modules/@babel/traverse/lib/traverse-node.js:130:17)
    at traverse (/Users/Path/Desktop/w/frontend/node_modules/@babel/traverse/lib/index.js:53:34)
    at transformFile (/Users/Path/Desktop/w/frontend/node_modules/@babel/core/lib/transformation/index.js:79:29)
    at transformFile.next (<anonymous>)
    at run (/Users/Path/Desktop/w/frontend/node_modules/@babel/core/lib/transformation/index.js:25:12)
    at run.next (<anonymous>)
    at transform (/Users/Path/Desktop/w/frontend/node_modules/@babel/core/lib/transform.js:22:33)
    at transform.next (<anonymous>)
    at evaluateSync (/Users/Path/Desktop/w/frontend/node_modules/gensync/index.js:251:28)
    at sync (/Users/Path/Desktop/w/frontend/node_modules/gensync/index.js:89:14)
    at stopHiding - secret - don't use this - v1 (/Users/Path/Desktop/w/frontend/node_modules/@babel/core/lib/errors/rewrite-stack-trace.js:47:12)
    at Object.transformSync (/Users/Path/Desktop/w/frontend/node_modules/@babel/core/lib/transform.js:40:76)
    at parseWithBabel (/Users/Path/Desktop/w/frontend/node_modules/@expo/metro-config/build/transformSync.js:75:18)
    at transformSync (/Users/Path/Desktop/w/frontend/node_modules/@expo/metro-config/build/transformSync.js:54:16)
    at Object.transform (/Users/Path/Desktop/w/frontend/node_modules/@expo/metro-config/build/babel-transformer.js:127:58)
    at transformJSWithBabel (/Users/Path/Desktop/w/frontend/node_modules/@expo/metro-config/build/transform-worker/metro-transform-worker.js:468:47)
    at Object.transform (/Users/Path/Desktop/w/frontend/node_modules/@expo/metro-config/build/transform-worker/metro-transform-worker.js:583:12)
    at Object.transform (/Users/Path/Desktop/w/frontend/node_modules/@expo/metro-config/build/transform-worker/transform-worker.js:178:19)
    at transformFile (/Users/Path/Desktop/w/frontend/node_modules/metro/src/DeltaBundler/Worker.flow.js:67:36)
    at Object.transform (/Users/Path/Desktop/w/frontend/node_modules/metro/src/DeltaBundler/Worker.flow.js:42:10)
    at execFunction (/Users/Path/Desktop/w/frontend/node_modules/jest-worker/build/workers/processChild.js:149:17)
    at execHelper (/Users/Path/Desktop/w/frontend/node_modules/jest-worker/build/workers/processChild.js:137:5)
    at execMethod (/Users/Path/Desktop/w/frontend/node_modules/jest-worker/build/workers/processChild.js:140:5)
    at process.messageListener (/Users/Path/Desktop/w/frontend/node_modules/jest-worker/build/workers/processChild.js:44:7)
    at process.emit (node:events:508:28)
    at emit (node:internal/child_process:949:14)
Android ./index.ts ░░░░░░░░░░░░░░░░  0.0% (0/1)
Android Bundling failed 200ms index.ts (428 modules)
 ERROR  Error: /Users/Path/Desktop/w/frontend/App.tsx: Use process(css).then(cb) to work with async plugins
    at LazyResult.getAsyncError (/Users/Path/Desktop/w/frontend/node_modules/postcss/lib/lazy-result.js:174:11)
    at LazyResult.sync (/Users/Path/Desktop/w/frontend/node_modules/postcss/lib/lazy-result.js:369:20)
    at LazyResult.stringify (/Users/Path/Desktop/w/frontend/node_modules/postcss/lib/lazy-result.js:341:10)
    at get css (/Users/Path/Desktop/w/frontend/node_modules/postcss/lib/lazy-result.js:514:17)
    at extractStyles (/Users/Path/Desktop/w/frontend/node_modules/nativewind/dist/postcss/extract-styles.js:32:54)
    at PluginPass.enter (/Users/Path/Desktop/w/frontend/node_modules/nativewind/dist/babel/index.js:100:67)
    at newFn (/Users/Path/Desktop/w/frontend/node_modules/@babel/traverse/lib/visitors.js:168:14)
    at NodePath._call (/Users/Path/Desktop/w/frontend/node_modules/@babel/traverse/lib/path/context.js:50:20)
    at NodePath.call (/Users/Path/Desktop/w/frontend/node_modules/@babel/traverse/lib/path/context.js:40:18)
    at NodePath.visit (/Users/Path/Desktop/w/frontend/node_modules/@babel/traverse/lib/path/context.js:87:31)
    at TraversalContext.visitQueue (/Users/Path/Desktop/w/frontend/node_modules/@babel/traverse/lib/context.js:90:16)
    at TraversalContext.visitSingle (/Users/Path/Desktop/w/frontend/node_modules/@babel/traverse/lib/context.js:66:19)
    at TraversalContext.visit (/Users/Path/Desktop/w/frontend/node_modules/@babel/traverse/lib/context.js:113:19)
    at traverseNode (/Users/Path/Desktop/w/frontend/node_modules/@babel/traverse/lib/traverse-node.js:130:17)
    at traverse (/Users/Path/Desktop/w/frontend/node_modules/@babel/traverse/lib/index.js:53:34)
    at transformFile (/Users/Path/Desktop/w/frontend/node_modules/@babel/core/lib/transformation/index.js:79:29)
    at transformFile.next (<anonymous>)
    at run (/Users/Path/Desktop/w/frontend/node_modules/@babel/core/lib/transformation/index.js:25:12)
    at run.next (<anonymous>)
    at transform (/Users/Path/Desktop/w/frontend/node_modules/@babel/core/lib/transform.js:22:33)
    at transform.next (<anonymous>)
    at evaluateSync (/Users/Path/Desktop/w/frontend/node_modules/gensync/index.js:251:28)
    at sync (/Users/Path/Desktop/w/frontend/node_modules/gensync/index.js:89:14)
    at stopHiding - secret - don't use this - v1 (/Users/Path/Desktop/w/frontend/node_modules/@babel/core/lib/errors/rewrite-stack-trace.js:47:12)
    at Object.transformSync (/Users/Path/Desktop/w/frontend/node_modules/@babel/core/lib/transform.js:40:76)
    at parseWithBabel (/Users/Path/Desktop/w/frontend/node_modules/@expo/metro-config/build/transformSync.js:75:18)
    at transformSync (/Users/Path/Desktop/w/frontend/node_modules/@expo/metro-config/build/transformSync.js:54:16)
    at Object.transform (/Users/Path/Desktop/w/frontend/node_modules/@expo/metro-config/build/babel-transformer.js:127:58)
    at transformJSWithBabel (/Users/Path/Desktop/w/frontend/node_modules/@expo/metro-config/build/transform-worker/metro-transform-worker.js:468:47)
    at Object.transform (/Users/Path/Desktop/w/frontend/node_modules/@expo/metro-config/build/transform-worker/metro-transform-worker.js:583:12)
    at Object.transform (/Users/Path/Desktop/w/frontend/node_modules/@expo/metro-config/build/transform-worker/transform-worker.js:178:19)
    at transformFile (/Users/Path/Desktop/w/frontend/node_modules/metro/src/DeltaBundler/Worker.flow.js:67:36)
    at Object.transform (/Users/Path/Desktop/w/frontend/node_modules/metro/src/DeltaBundler/Worker.flow.js:42:10)
    at execFunction (/Users/Path/Desktop/w/frontend/node_modules/jest-worker/build/workers/processChild.js:149:17)
    at execHelper (/Users/Path/Desktop/w/frontend/node_modules/jest-worker/build/workers/processChild.js:137:5)
    at execMethod (/Users/Path/Desktop/w/frontend/node_modules/jest-worker/build/workers/processChild.js:140:5)
    at process.messageListener (/Users/Path/Desktop/w/frontend/node_modules/jest-worker/build/workers/processChild.js:44:7)
    at process.emit (node:events:508:28)
    at emit (node:internal/child_process:949:14)
Android ./index.ts ░░░░░░░░░░░░░░░░  0.0% (0/1)
Android Bundling failed 226ms index.ts (666 modules)
 ERROR  Error: /Users/Path/Desktop/w/frontend/App.tsx: Use process(css).then(cb) to work with async plugins
    at LazyResult.getAsyncError (/Users/Path/Desktop/w/frontend/node_modules/postcss/lib/lazy-result.js:174:11)
    at LazyResult.sync (/Users/Path/Desktop/w/frontend/node_modules/postcss/lib/lazy-result.js:369:20)
    at LazyResult.stringify (/Users/Path/Desktop/w/frontend/node_modules/postcss/lib/lazy-result.js:341:10)
    at get css (/Users/Path/Desktop/w/frontend/node_modules/postcss/lib/lazy-result.js:514:17)
    at extractStyles (/Users/Path/Desktop/w/frontend/node_modules/nativewind/dist/postcss/extract-styles.js:32:54)
    at PluginPass.enter (/Users/Path/Desktop/w/frontend/node_modules/nativewind/dist/babel/index.js:100:67)
    at newFn (/Users/Path/Desktop/w/frontend/node_modules/@babel/traverse/lib/visitors.js:168:14)
    at NodePath._call (/Users/Path/Desktop/w/frontend/node_modules/@babel/traverse/lib/path/context.js:50:20)
    at NodePath.call (/Users/Path/Desktop/w/frontend/node_modules/@babel/traverse/lib/path/context.js:40:18)
    at NodePath.visit (/Users/Path/Desktop/w/frontend/node_modules/@babel/traverse/lib/path/context.js:87:31)
    at TraversalContext.visitQueue (/Users/Path/Desktop/w/frontend/node_modules/@babel/traverse/lib/context.js:90:16)
    at TraversalContext.visitSingle (/Users/Path/Desktop/w/frontend/node_modules/@babel/traverse/lib/context.js:66:19)
    at TraversalContext.visit (/Users/Path/Desktop/w/frontend/node_modules/@babel/traverse/lib/context.js:113:19)
    at traverseNode (/Users/Path/Desktop/w/frontend/node_modules/@babel/traverse/lib/traverse-node.js:130:17)
    at traverse (/Users/Path/Desktop/w/frontend/node_modules/@babel/traverse/lib/index.js:53:34)
    at transformFile (/Users/Path/Desktop/w/frontend/node_modules/@babel/core/lib/transformation/index.js:79:29)
    at transformFile.next (<anonymous>)
    at run (/Users/Path/Desktop/w/frontend/node_modules/@babel/core/lib/transformation/index.js:25:12)
    at run.next (<anonymous>)
    at transform (/Users/Path/Desktop/w/frontend/node_modules/@babel/core/lib/transform.js:22:33)
    at transform.next (<anonymous>)
    at evaluateSync (/Users/Path/Desktop/w/frontend/node_modules/gensync/index.js:251:28)
    at sync (/Users/Path/Desktop/w/frontend/node_modules/gensync/index.js:89:14)
    at stopHiding - secret - don't use this - v1 (/Users/Path/Desktop/w/frontend/node_modules/@babel/core/lib/errors/rewrite-stack-trace.js:47:12)
    at Object.transformSync (/Users/Path/Desktop/w/frontend/node_modules/@babel/core/lib/transform.js:40:76)
    at parseWithBabel (/Users/Path/Desktop/w/frontend/node_modules/@expo/metro-config/build/transformSync.js:75:18)
    at transformSync (/Users/Path/Desktop/w/frontend/node_modules/@expo/metro-config/build/transformSync.js:54:16)
    at Object.transform (/Users/Path/Desktop/w/frontend/node_modules/@expo/metro-config/build/babel-transformer.js:127:58)
    at transformJSWithBabel (/Users/Path/Desktop/w/frontend/node_modules/@expo/metro-config/build/transform-worker/metro-transform-worker.js:468:47)
    at Object.transform (/Users/Path/Desktop/w/frontend/node_modules/@expo/metro-config/build/transform-worker/metro-transform-worker.js:583:12)
    at Object.transform (/Users/Path/Desktop/w/frontend/node_modules/@expo/metro-config/build/transform-worker/transform-worker.js:178:19)
    at transformFile (/Users/Path/Desktop/w/frontend/node_modules/metro/src/DeltaBundler/Worker.flow.js:67:36)
    at Object.transform (/Users/Path/Desktop/w/frontend/node_modules/metro/src/DeltaBundler/Worker.flow.js:42:10)
    at execFunction (/Users/Path/Desktop/w/frontend/node_modules/jest-worker/build/workers/processChild.js:149:17)
    at execHelper (/Users/Path/Desktop/w/frontend/node_modules/jest-worker/build/workers/processChild.js:137:5)
    at execMethod (/Users/Path/Desktop/w/frontend/node_modules/jest-worker/build/workers/processChild.js:140:5)
    at process.messageListener (/Users/Path/Desktop/w/frontend/node_modules/jest-worker/build/workers/processChild.js:44:7)
    at process.emit (node:events:508:28)
    at emit (node:internal/child_process:949:14)
Android ./index.ts ░░░░░░░░░░░░░░░░  0.0% (0/1)
Android Bundling failed 181ms index.ts (489 modules)
 ERROR  Error: /Users/Path/Desktop/w/frontend/App.tsx: Use process(css).then(cb) to work with async plugins
    at LazyResult.getAsyncError (/Users/Path/Desktop/w/frontend/node_modules/postcss/lib/lazy-result.js:174:11)
    at LazyResult.sync (/Users/Path/Desktop/w/frontend/node_modules/postcss/lib/lazy-result.js:369:20)
    at LazyResult.stringify (/Users/Path/Desktop/w/frontend/node_modules/postcss/lib/lazy-result.js:341:10)
    at get css (/Users/Path/Desktop/w/frontend/node_modules/postcss/lib/lazy-result.js:514:17)
    at extractStyles (/Users/Path/Desktop/w/frontend/node_modules/nativewind/dist/postcss/extract-styles.js:32:54)
    at PluginPass.enter (/Users/Path/Desktop/w/frontend/node_modules/nativewind/dist/babel/index.js:100:67)
    at newFn (/Users/Path/Desktop/w/frontend/node_modules/@babel/traverse/lib/visitors.js:168:14)
    at NodePath._call (/Users/Path/Desktop/w/frontend/node_modules/@babel/traverse/lib/path/context.js:50:20)
    at NodePath.call (/Users/Path/Desktop/w/frontend/node_modules/@babel/traverse/lib/path/context.js:40:18)
    at NodePath.visit (/Users/Path/Desktop/w/frontend/node_modules/@babel/traverse/lib/path/context.js:87:31)
    at TraversalContext.visitQueue (/Users/Path/Desktop/w/frontend/node_modules/@babel/traverse/lib/context.js:90:16)
    at TraversalContext.visitSingle (/Users/Path/Desktop/w/frontend/node_modules/@babel/traverse/lib/context.js:66:19)
    at TraversalContext.visit (/Users/Path/Desktop/w/frontend/node_modules/@babel/traverse/lib/context.js:113:19)
    at traverseNode (/Users/Path/Desktop/w/frontend/node_modules/@babel/traverse/lib/traverse-node.js:130:17)
    at traverse (/Users/Path/Desktop/w/frontend/node_modules/@babel/traverse/lib/index.js:53:34)
    at transformFile (/Users/Path/Desktop/w/frontend/node_modules/@babel/core/lib/transformation/index.js:79:29)
    at transformFile.next (<anonymous>)
    at run (/Users/Path/Desktop/w/frontend/node_modules/@babel/core/lib/transformation/index.js:25:12)
    at run.next (<anonymous>)
    at transform (/Users/Path/Desktop/w/frontend/node_modules/@babel/core/lib/transform.js:22:33)
    at transform.next (<anonymous>)
    at evaluateSync (/Users/Path/Desktop/w/frontend/node_modules/gensync/index.js:251:28)
    at sync (/Users/Path/Desktop/w/frontend/node_modules/gensync/index.js:89:14)
    at stopHiding - secret - don't use this - v1 (/Users/Path/Desktop/w/frontend/node_modules/@babel/core/lib/errors/rewrite-stack-trace.js:47:12)
    at Object.transformSync (/Users/Path/Desktop/w/frontend/node_modules/@babel/core/lib/transform.js:40:76)
    at parseWithBabel (/Users/Path/Desktop/w/frontend/node_modules/@expo/metro-config/build/transformSync.js:75:18)
    at transformSync (/Users/Path/Desktop/w/frontend/node_modules/@expo/metro-config/build/transformSync.js:54:16)
    at Object.transform (/Users/Path/Desktop/w/frontend/node_modules/@expo/metro-config/build/babel-transformer.js:127:58)
    at transformJSWithBabel (/Users/Path/Desktop/w/frontend/node_modules/@expo/metro-config/build/transform-worker/metro-transform-worker.js:468:47)
    at Object.transform (/Users/Path/Desktop/w/frontend/node_modules/@expo/metro-config/build/transform-worker/metro-transform-worker.js:583:12)
    at Object.transform (/Users/Path/Desktop/w/frontend/node_modules/@expo/metro-config/build/transform-worker/transform-worker.js:178:19)
    at transformFile (/Users/Path/Desktop/w/frontend/node_modules/metro/src/DeltaBundler/Worker.flow.js:67:36)
    at Object.transform (/Users/Path/Desktop/w/frontend/node_modules/metro/src/DeltaBundler/Worker.flow.js:42:10)
    at execFunction (/Users/Path/Desktop/w/frontend/node_modules/jest-worker/build/workers/processChild.js:149:17)
    at execHelper (/Users/Path/Desktop/w/frontend/node_modules/jest-worker/build/workers/processChild.js:137:5)
    at execMethod (/Users/Path/Desktop/w/frontend/node_modules/jest-worker/build/workers/processChild.js:140:5)
    at process.messageListener (/Users/Path/Desktop/w/frontend/node_modules/jest-worker/build/workers/processChild.js:44:7)
    at process.emit (node:events:508:28)
    at emit (node:internal/child_process:949:14)
› Detected a change in babel.config.js. Restart the server to see the new results. You may need to clear the bundler cache with the --clear flag for your changes to take effect.
› Detected a change in babel.config.js. Restart the server to see the new results. You may need to clear the bundler cache with the --clear flag for your changes to take effect.
› Detected a change in babel.config.js. Restart the server to see the new results. You may need to clear the bundler cache with the --clear flag for your changes to take effect.
